Added Component: Designator=C1(0603A)
Added Component: Designator=C2(0603A)
Added Component: Designator=C3(0603A)
Added Component: Designator=C4(0603A)
Added Component: Designator=D1(1N4007)
Added Component: Designator=D2(0805)
Added Component: Designator=D3(0805)
Added Component: Designator=K1(Relay)
Added Component: Designator=P1(KF128-3P)
Added Component: Designator=P2(HDR1X4)
Added Component: Designator=P3(HDR1X2)
Added Component: Designator=P4(HDR1X2)
Added Component: Designator=P5(BUTTON)
Added Component: Designator=Q1(SOT23)
Added Component: Designator=R1(0603R)
Added Component: Designator=R2(0603R)
Added Component: Designator=R3(0603R)
Added Component: Designator=R4(0603R)
Added Component: Designator=R5(0603R)
Added Component: Designator=R6(0603R)
Added Component: Designator=R7(0603R)
Added Component: Designator=R8(0603R)
Added Component: Designator=R9(0603R)
Added Component: Designator=R10(0603R)
Added Component: Designator=R11(0603R)
Added Component: Designator=U1(SOT223)
Added Component: Designator=U2(HLK_PM01)
Added Component: Designator=U3(DIP-4)
Added Component: Designator=U4(ESP_12)
Added Pin To Net: NetName=+5V Pin=C1-1
Added Pin To Net: NetName=+5V Pin=C2-1
Added Pin To Net: NetName=+5V Pin=D1-2
Added Pin To Net: NetName=+5V Pin=K1-4
Added Pin To Net: NetName=+5V Pin=P2-1
Added Pin To Net: NetName=+5V Pin=U1-3
Added Pin To Net: NetName=+5V Pin=U2-3
Added Pin To Net: NetName=+5V Pin=U3-4
Added Net: Name=+5V
Added Pin To Net: NetName=ACL Pin=K1-3
Added Pin To Net: NetName=ACL Pin=P1-1
Added Pin To Net: NetName=ACL Pin=U2-1
Added Net: Name=ACL
Added Pin To Net: NetName=ACN Pin=P1-3
Added Pin To Net: NetName=ACN Pin=U2-2
Added Net: Name=ACN
Added Pin To Net: NetName=GND Pin=C1-2
Added Pin To Net: NetName=GND Pin=C2-2
Added Pin To Net: NetName=GND Pin=C3-2
Added Pin To Net: NetName=GND Pin=C4-2
Added Pin To Net: NetName=GND Pin=P2-4
Added Pin To Net: NetName=GND Pin=P3-1
Added Pin To Net: NetName=GND Pin=P4-1
Added Pin To Net: NetName=GND Pin=P5-2
Added Pin To Net: NetName=GND Pin=Q1-E
Added Pin To Net: NetName=GND Pin=R1-1
Added Pin To Net: NetName=GND Pin=R3-1
Added Pin To Net: NetName=GND Pin=R4-1
Added Pin To Net: NetName=GND Pin=R9-2
Added Pin To Net: NetName=GND Pin=U1-1
Added Pin To Net: NetName=GND Pin=U2-4
Added Pin To Net: NetName=GND Pin=U4-9
Added Net: Name=GND
Added Pin To Net: NetName=NetD1_1 Pin=D1-1
Added Pin To Net: NetName=NetD1_1 Pin=K1-5
Added Pin To Net: NetName=NetD1_1 Pin=Q1-C
Added Net: Name=NetD1_1
Added Pin To Net: NetName=NetD2_2 Pin=D2-2
Added Pin To Net: NetName=NetD2_2 Pin=R1-2
Added Net: Name=NetD2_2
Added Pin To Net: NetName=NetD3_2 Pin=D3-2
Added Pin To Net: NetName=NetD3_2 Pin=R11-2
Added Net: Name=NetD3_2
Added Pin To Net: NetName=NetP2_2 Pin=P2-2
Added Pin To Net: NetName=NetP2_2 Pin=U4-15
Added Net: Name=NetP2_2
Added Pin To Net: NetName=NetP2_3 Pin=P2-3
Added Pin To Net: NetName=NetP2_3 Pin=U4-16
Added Net: Name=NetP2_3
Added Pin To Net: NetName=NetP3_2 Pin=P3-2
Added Pin To Net: NetName=NetP3_2 Pin=R5-1
Added Pin To Net: NetName=NetP3_2 Pin=U4-1
Added Net: Name=NetP3_2
Added Pin To Net: NetName=NetP4_2 Pin=P4-2
Added Pin To Net: NetName=NetP4_2 Pin=R7-2
Added Pin To Net: NetName=NetP4_2 Pin=R8-2
Added Net: Name=NetP4_2
Added Pin To Net: NetName=NetQ1_B Pin=Q1-B
Added Pin To Net: NetName=NetQ1_B Pin=R2-2
Added Net: Name=NetQ1_B
Added Pin To Net: NetName=NetR2_1 Pin=R2-1
Added Pin To Net: NetName=NetR2_1 Pin=R4-2
Added Pin To Net: NetName=NetR2_1 Pin=U3-3
Added Net: Name=NetR2_1
Added Pin To Net: NetName=NetR3_2 Pin=R3-2
Added Pin To Net: NetName=NetR3_2 Pin=U3-2
Added Net: Name=NetR3_2
Added Pin To Net: NetName=NetR6_2 Pin=R6-2
Added Pin To Net: NetName=NetR6_2 Pin=U4-3
Added Net: Name=NetR6_2
Added Pin To Net: NetName=NetR7_1 Pin=R7-1
Added Pin To Net: NetName=NetR7_1 Pin=U4-12
Added Net: Name=NetR7_1
Added Pin To Net: NetName=NetR9_1 Pin=R9-1
Added Pin To Net: NetName=NetR9_1 Pin=U4-10
Added Net: Name=NetR9_1
Added Pin To Net: NetName=SW_BUTTON Pin=P5-1
Added Pin To Net: NetName=SW_BUTTON Pin=R10-1
Added Pin To Net: NetName=SW_BUTTON Pin=U4-13
Added Net: Name=SW_BUTTON
Added Pin To Net: NetName=SW_CNT Pin=U3-1
Added Pin To Net: NetName=SW_CNT Pin=U4-14
Added Net: Name=SW_CNT
Added Pin To Net: NetName=SW_LED Pin=R11-1
Added Pin To Net: NetName=SW_LED Pin=U4-11
Added Net: Name=SW_LED
Added Pin To Net: NetName=SWL Pin=K1-1
Added Pin To Net: NetName=SWL Pin=P1-2
Added Net: Name=SWL
Added Pin To Net: NetName=VCC_3.3V Pin=C3-1
Added Pin To Net: NetName=VCC_3.3V Pin=C4-1
Added Pin To Net: NetName=VCC_3.3V Pin=D2-1
Added Pin To Net: NetName=VCC_3.3V Pin=D3-1
Added Pin To Net: NetName=VCC_3.3V Pin=R5-2
Added Pin To Net: NetName=VCC_3.3V Pin=R6-1
Added Pin To Net: NetName=VCC_3.3V Pin=R8-1
Added Pin To Net: NetName=VCC_3.3V Pin=R10-2
Added Pin To Net: NetName=VCC_3.3V Pin=U1-2
Added Pin To Net: NetName=VCC_3.3V Pin=U4-8
Added Net: Name=VCC_3.3V
Added Class: Name=WIFISocket
Added Room: Name=WIFISocket
